<?xml version="1.0" encoding="UTF-8"?>
<testng-results ignored="0" total="1" passed="1" failed="0" skipped="0">
  <reporter-output>
  </reporter-output>
  <suite started-at="2026-02-03T07:14:27 UTC" name="Default suite" finished-at="2026-02-03T07:14:53 UTC" duration-ms="26121">
    <groups>
    </groups>
    <test started-at="2026-02-03T07:14:27 UTC" name="Default test" finished-at="2026-02-03T07:14:53 UTC" duration-ms="26121">
      <class name="testcase.test1">
        <test-method signature="init()[pri:0, instance:testcase.test1@d2de489]" started-at="2026-02-03T07:14:27 UTC" name="init" finished-at="2026-02-03T07:14:53 UTC" duration-ms="25972" status="PASS">
          <reporter-output>
          </reporter-output>
        </test-method> <!-- init -->
      </class> <!-- testcase.test1 -->
    </test> <!-- Default test -->
  </suite> <!-- Default suite -->
</testng-results>
